<?xml version="1.0" encoding="UTF-8"?>
<!-- Generated by org.testng.reporters.JUnitXMLReporter -->
<testsuite hostname="LAPTOP-O57V992R" ignored="0" name="Default test" tests="3" failures="0" timestamp="30 Aug 2020 06:41:03 GMT" time="39.798" errors="0">
  <testcase name="loginTest" time="20.067" classname="com.xylem.qa.testcases.XylemSmokeTest"/>
  <testcase name="pumpSearchTest" time="3.68" classname="com.xylem.qa.testcases.XylemSmokeTest"/>
  <testcase name="languageListTest" time="0.726" classname="com.xylem.qa.testcases.XylemSmokeTest"/>
</testsuite> <!-- Default test -->
