<?xml version="1.0" encoding="UTF-8"?>
<testng-results skipped="0" failed="0" ignored="0" total="3" passed="3">
  <reporter-output>
  </reporter-output>
  <suite name="Default suite" duration-ms="39798" started-at="2020-08-30T06:40:23Z" finished-at="2020-08-30T06:41:03Z">
    <groups>
    </groups>
    <test name="Default test" duration-ms="39798" started-at="2020-08-30T06:40:23Z" finished-at="2020-08-30T06:41:03Z">
      <class name="com.xylem.qa.testcases.XylemSmokeTest">
        <test-method status="PASS" signature="setUp()[pri:0, instance:com.xylem.qa.testcases.XylemSmokeTest@ae45eb6]" name="setUp" is-config="true" duration-ms="14613" started-at="2020-08-30T12:10:23Z" finished-at="2020-08-30T12:10:38Z">
          <reporter-output>
          </reporter-output>
        </test-method> <!-- setUp -->
        <test-method status="PASS" signature="loginTest()[pri:1, instance:com.xylem.qa.testcases.XylemSmokeTest@ae45eb6]" name="loginTest" duration-ms="20067" started-at="2020-08-30T12:10:38Z" finished-at="2020-08-30T12:10:58Z">
          <reporter-output>
          </reporter-output>
        </test-method> <!-- loginTest -->
        <test-method status="PASS" signature="pumpSearchTest()[pri:2, instance:com.xylem.qa.testcases.XylemSmokeTest@ae45eb6]" name="pumpSearchTest" duration-ms="3680" started-at="2020-08-30T12:10:58Z" finished-at="2020-08-30T12:11:01Z">
          <reporter-output>
          </reporter-output>
        </test-method> <!-- pumpSearchTest -->
        <test-method status="PASS" signature="languageListTest()[pri:3, instance:com.xylem.qa.testcases.XylemSmokeTest@ae45eb6]" name="languageListTest" duration-ms="726" started-at="2020-08-30T12:11:01Z" finished-at="2020-08-30T12:11:02Z">
          <reporter-output>
          </reporter-output>
        </test-method> <!-- languageListTest -->
        <test-method status="PASS" signature="tearDown()[pri:0, instance:com.xylem.qa.testcases.XylemSmokeTest@ae45eb6]" name="tearDown" is-config="true" duration-ms="692" started-at="2020-08-30T12:11:02Z" finished-at="2020-08-30T12:11:03Z">
          <reporter-output>
          </reporter-output>
        </test-method> <!-- tearDown -->
      </class> <!-- com.xylem.qa.testcases.XylemSmokeTest -->
    </test> <!-- Default test -->
  </suite> <!-- Default suite -->
</testng-results>
